{"D:\\Align-2\\src\\components\\FAB.js": {"path":"D:\\Align-2\\src\\components\\FAB.js","statementMap":{"0":{"start":{"line":7,"column":12},"end":{"line":45,"column":1}},"1":{"start":{"line":8,"column":36},"end":{"line":8,"column":51}},"2":{"start":{"line":9,"column":24},"end":{"line":9,"column":61}},"3":{"start":{"line":11,"column":32},"end":{"line":19,"column":5}},"4":{"start":{"line":12,"column":8},"end":{"line":12,"column":26}},"5":{"start":{"line":12,"column":19},"end":{"line":12,"column":26}},"6":{"start":{"line":13,"column":8},"end":{"line":13,"column":26}},"7":{"start":{"line":14,"column":8},"end":{"line":18,"column":43}},"8":{"start":{"line":18,"column":23},"end":{"line":18,"column":41}},"9":{"start":{"line":21,"column":4},"end":{"line":44,"column":6}},"10":{"start":{"line":31,"column":40},"end":{"line":36,"column":17}},"11":{"start":{"line":47,"column":15},"end":{"line":81,"column":2}},"12":{"start":{"line":83,"column":0},"end":{"line":87,"column":2}}},"fnMap":{"0":{"name":"(anonymous_0)","decl":{"start":{"line":7,"column":12},"end":{"line":7,"column":13}},"loc":{"start":{"line":7,"column":52},"end":{"line":45,"column":1}},"line":7},"1":{"name":"(anonymous_1)","decl":{"start":{"line":11,"column":32},"end":{"line":11,"column":33}},"loc":{"start":{"line":11,"column":38},"end":{"line":19,"column":5}},"line":11},"2":{"name":"(anonymous_2)","decl":{"start":{"line":18,"column":17},"end":{"line":18,"column":18}},"loc":{"start":{"line":18,"column":23},"end":{"line":18,"column":41}},"line":18},"3":{"name":"(anonymous_3)","decl":{"start":{"line":31,"column":23},"end":{"line":31,"column":24}},"loc":{"start":{"line":31,"column":40},"end":{"line":36,"column":17}},"line":31}},"branchMap":{"0":{"loc":{"start":{"line":12,"column":8},"end":{"line":12,"column":26}},"type":"if","locations":[{"start":{"line":12,"column":8},"end":{"line":12,"column":26}},{"start":{},"end":{}}],"line":12},"1":{"loc":{"start":{"line":23,"column":13},"end":{"line":27,"column":13}},"type":"binary-expr","locations":[{"start":{"line":23,"column":13},"end":{"line":23,"column":21}},{"start":{"line":24,"column":16},"end":{"line":26,"column":32}}],"line":23},"2":{"loc":{"start":{"line":25,"column":77},"end":{"line":25,"column":113}},"type":"binary-expr","locations":[{"start":{"line":25,"column":77},"end":{"line":25,"column":81}},{"start":{"line":25,"column":85},"end":{"line":25,"column":113}}],"line":25},"3":{"loc":{"start":{"line":30,"column":25},"end":{"line":30,"column":65}},"type":"cond-expr","locations":[{"start":{"line":30,"column":36},"end":{"line":30,"column":55}},{"start":{"line":30,"column":58},"end":{"line":30,"column":65}}],"line":30},"4":{"loc":{"start":{"line":33,"column":20},"end":{"line":33,"column":50}},"type":"binary-expr","locations":[{"start":{"line":33,"column":20},"end":{"line":33,"column":28}},{"start":{"line":33,"column":32},"end":{"line":33,"column":50}}],"line":33},"5":{"loc":{"start":{"line":34,"column":20},"end":{"line":34,"column":60}},"type":"binary-expr","locations":[{"start":{"line":34,"column":20},"end":{"line":34,"column":27}},{"start":{"line":34,"column":31},"end":{"line":34,"column":40}},{"start":{"line":34,"column":44},"end":{"line":34,"column":60}}],"line":34},"6":{"loc":{"start":{"line":38,"column":36},"end":{"line":38,"column":77}},"type":"cond-expr","locations":[{"start":{"line":38,"column":47},"end":{"line":38,"column":51}},{"start":{"line":38,"column":54},"end":{"line":38,"column":77}}],"line":38},"7":{"loc":{"start":{"line":41,"column":101},"end":{"line":41,"column":119}},"type":"cond-expr","locations":[{"start":{"line":41,"column":112},"end":{"line":41,"column":115}},{"start":{"line":41,"column":118},"end":{"line":41,"column":119}}],"line":41}},"s":{"0":1,"1":6,"2":6,"3":6,"4":2,"5":1,"6":1,"7":1,"8":1,"9":6,"10":6,"11":1,"12":1},"f":{"0":6,"1":2,"2":1,"3":6},"b":{"0":[1,1],"1":[6,1],"2":[1,0],"3":[4,2],"4":[6,4],"5":[6,0,0],"6":[4,2],"7":[4,2]},"_coverageSchema":"1a1c01bbd47fc00a2c39e90264f33305004495a9","hash":"ca6a60ee4fb0974d9145152ddc19762e6555d2d6"}
,"D:\\Align-2\\src\\components\\StepIndicator.js": {"path":"D:\\Align-2\\src\\components\\StepIndicator.js","statementMap":{"0":{"start":{"line":9,"column":26},"end":{"line":45,"column":1}},"1":{"start":{"line":10,"column":22},"end":{"line":10,"column":76}},"2":{"start":{"line":11,"column":24},"end":{"line":11,"column":78}},"3":{"start":{"line":12,"column":22},"end":{"line":12,"column":74}},"4":{"start":{"line":14,"column":4},"end":{"line":27,"column":19}},"5":{"start":{"line":15,"column":8},"end":{"line":26,"column":9}},"6":{"start":{"line":16,"column":12},"end":{"line":20,"column":23}},"7":{"start":{"line":22,"column":12},"end":{"line":25,"column":23}},"8":{"start":{"line":29,"column":20},"end":{"line":30,"column":62}},"9":{"start":{"line":32,"column":4},"end":{"line":44,"column":6}},"10":{"start":{"line":47,"column":22},"end":{"line":83,"column":1}},"11":{"start":{"line":48,"column":24},"end":{"line":48,"column":81}},"12":{"start":{"line":49,"column":26},"end":{"line":49,"column":50}},"13":{"start":{"line":51,"column":27},"end":{"line":55,"column":5}},"14":{"start":{"line":52,"column":8},"end":{"line":52,"column":79}},"15":{"start":{"line":52,"column":22},"end":{"line":52,"column":79}},"16":{"start":{"line":53,"column":8},"end":{"line":53,"column":81}},"17":{"start":{"line":53,"column":23},"end":{"line":53,"column":81}},"18":{"start":{"line":54,"column":8},"end":{"line":54,"column":68}},"19":{"start":{"line":57,"column":20},"end":{"line":57,"column":48}},"20":{"start":{"line":58,"column":25},"end":{"line":58,"column":88}},"21":{"start":{"line":60,"column":4},"end":{"line":82,"column":6}},"22":{"start":{"line":70,"column":20},"end":{"line":70,"column":104}},"23":{"start":{"line":85,"column":15},"end":{"line":107,"column":2}},"24":{"start":{"line":109,"column":0},"end":{"line":112,"column":2}}},"fnMap":{"0":{"name":"(anonymous_0)","decl":{"start":{"line":9,"column":26},"end":{"line":9,"column":27}},"loc":{"start":{"line":9,"column":50},"end":{"line":45,"column":1}},"line":9},"1":{"name":"(anonymous_1)","decl":{"start":{"line":14,"column":14},"end":{"line":14,"column":15}},"loc":{"start":{"line":14,"column":20},"end":{"line":27,"column":5}},"line":14},"2":{"name":"(anonymous_2)","decl":{"start":{"line":47,"column":22},"end":{"line":47,"column":23}},"loc":{"start":{"line":47,"column":56},"end":{"line":83,"column":1}},"line":47},"3":{"name":"(anonymous_3)","decl":{"start":{"line":51,"column":27},"end":{"line":51,"column":28}},"loc":{"start":{"line":51,"column":36},"end":{"line":55,"column":5}},"line":51},"4":{"name":"(anonymous_4)","decl":{"start":{"line":69,"column":33},"end":{"line":69,"column":34}},"loc":{"start":{"line":70,"column":20},"end":{"line":70,"column":104}},"line":70}},"branchMap":{"0":{"loc":{"start":{"line":10,"column":48},"end":{"line":10,"column":66}},"type":"cond-expr","locations":[{"start":{"line":10,"column":59},"end":{"line":10,"column":60}},{"start":{"line":10,"column":63},"end":{"line":10,"column":66}}],"line":10},"1":{"loc":{"start":{"line":11,"column":50},"end":{"line":11,"column":68}},"type":"cond-expr","locations":[{"start":{"line":11,"column":61},"end":{"line":11,"column":62}},{"start":{"line":11,"column":65},"end":{"line":11,"column":68}}],"line":11},"2":{"loc":{"start":{"line":12,"column":48},"end":{"line":12,"column":64}},"type":"cond-expr","locations":[{"start":{"line":12,"column":59},"end":{"line":12,"column":60}},{"start":{"line":12,"column":63},"end":{"line":12,"column":64}}],"line":12},"3":{"loc":{"start":{"line":15,"column":8},"end":{"line":26,"column":9}},"type":"if","locations":[{"start":{"line":15,"column":8},"end":{"line":26,"column":9}},{"start":{"line":21,"column":15},"end":{"line":26,"column":9}}],"line":15},"4":{"loc":{"start":{"line":29,"column":20},"end":{"line":30,"column":62}},"type":"cond-expr","locations":[{"start":{"line":29,"column":64},"end":{"line":29,"column":86}},{"start":{"line":30,"column":10},"end":{"line":30,"column":62}}],"line":29},"5":{"loc":{"start":{"line":30,"column":10},"end":{"line":30,"column":62}},"type":"cond-expr","locations":[{"start":{"line":30,"column":39},"end":{"line":30,"column":46}},{"start":{"line":30,"column":49},"end":{"line":30,"column":62}}],"line":30},"6":{"loc":{"start":{"line":37,"column":16},"end":{"line":37,"column":57}},"type":"binary-expr","locations":[{"start":{"line":37,"column":16},"end":{"line":37,"column":24}},{"start":{"line":37,"column":28},"end":{"line":37,"column":57}}],"line":37},"7":{"loc":{"start":{"line":41,"column":44},"end":{"line":41,"column":80}},"type":"cond-expr","locations":[{"start":{"line":41,"column":73},"end":{"line":41,"column":75}},{"start":{"line":41,"column":78},"end":{"line":41,"column":80}}],"line":41},"8":{"loc":{"start":{"line":42,"column":13},"end":{"line":42,"column":101}},"type":"binary-expr","locations":[{"start":{"line":42,"column":13},"end":{"line":42,"column":21}},{"start":{"line":42,"column":25},"end":{"line":42,"column":101}}],"line":42},"9":{"loc":{"start":{"line":52,"column":8},"end":{"line":52,"column":79}},"type":"if","locations":[{"start":{"line":52,"column":8},"end":{"line":52,"column":79}},{"start":{},"end":{}}],"line":52},"10":{"loc":{"start":{"line":53,"column":8},"end":{"line":53,"column":81}},"type":"if","locations":[{"start":{"line":53,"column":8},"end":{"line":53,"column":81}},{"start":{},"end":{}}],"line":53}},"s":{"0":1,"1":72,"2":72,"3":72,"4":72,"5":72,"6":4,"7":68,"8":72,"9":72,"10":1,"11":4,"12":4,"13":4,"14":4,"15":1,"16":3,"17":2,"18":1,"19":4,"20":4,"21":4,"22":72,"23":1,"24":1},"f":{"0":72,"1":72,"2":4,"3":4,"4":72},"b":{"0":[4,68],"1":[4,68],"2":[4,68],"3":[4,68],"4":[16,56],"5":[36,20],"6":[72,4],"7":[36,36],"8":[72,4],"9":[1,3],"10":[2,1]},"_coverageSchema":"1a1c01bbd47fc00a2c39e90264f33305004495a9","hash":"47c873af59cacc34cd6e442b0d3ee3a353f0e6fa"}
,"D:\\Align-2\\src\\components\\VisibilityToggle.js": {"path":"D:\\Align-2\\src\\components\\VisibilityToggle.js","statementMap":{"0":{"start":{"line":7,"column":25},"end":{"line":29,"column":1}},"1":{"start":{"line":8,"column":25},"end":{"line":8,"column":90}},"2":{"start":{"line":9,"column":21},"end":{"line":9,"column":50}},"3":{"start":{"line":10,"column":26},"end":{"line":10,"column":61}},"4":{"start":{"line":12,"column":4},"end":{"line":28,"column":6}},"5":{"start":{"line":31,"column":15},"end":{"line":49,"column":2}},"6":{"start":{"line":51,"column":0},"end":{"line":55,"column":2}}},"fnMap":{"0":{"name":"(anonymous_0)","decl":{"start":{"line":7,"column":25},"end":{"line":7,"column":26}},"loc":{"start":{"line":7,"column":96},"end":{"line":29,"column":1}},"line":7}},"branchMap":{"0":{"loc":{"start":{"line":7,"column":49},"end":{"line":7,"column":75}},"type":"default-arg","locations":[{"start":{"line":7,"column":63},"end":{"line":7,"column":75}}],"line":7},"1":{"loc":{"start":{"line":8,"column":25},"end":{"line":8,"column":90}},"type":"cond-expr","locations":[{"start":{"line":8,"column":38},"end":{"line":8,"column":67}},{"start":{"line":8,"column":71},"end":{"line":8,"column":90}}],"line":8},"2":{"loc":{"start":{"line":8,"column":38},"end":{"line":8,"column":67}},"type":"binary-expr","locations":[{"start":{"line":8,"column":38},"end":{"line":8,"column":43}},{"start":{"line":8,"column":47},"end":{"line":8,"column":67}}],"line":8},"3":{"loc":{"start":{"line":9,"column":21},"end":{"line":9,"column":50}},"type":"cond-expr","locations":[{"start":{"line":9,"column":33},"end":{"line":9,"column":38}},{"start":{"line":9,"column":41},"end":{"line":9,"column":50}}],"line":9},"4":{"loc":{"start":{"line":10,"column":26},"end":{"line":10,"column":61}},"type":"cond-expr","locations":[{"start":{"line":10,"column":38},"end":{"line":10,"column":49}},{"start":{"line":10,"column":52},"end":{"line":10,"column":61}}],"line":10},"5":{"loc":{"start":{"line":23,"column":53},"end":{"line":23,"column":87}},"type":"binary-expr","locations":[{"start":{"line":23,"column":53},"end":{"line":23,"column":63}},{"start":{"line":23,"column":67},"end":{"line":23,"column":87}}],"line":23}},"s":{"0":1,"1":4,"2":4,"3":4,"4":4,"5":1,"6":1},"f":{"0":4},"b":{"0":[4],"1":[2,2],"2":[2,2],"3":[2,2],"4":[2,2],"5":[4,2]},"_coverageSchema":"1a1c01bbd47fc00a2c39e90264f33305004495a9","hash":"e567632786bbec695e22dd74dc70648e931da9c9"}
,"D:\\Align-2\\src\\utils\\dateHelpers.js": {"path":"D:\\Align-2\\src\\utils\\dateHelpers.js","statementMap":{"0":{"start":{"line":1,"column":28},"end":{"line":17,"column":1}},"1":{"start":{"line":2,"column":14},"end":{"line":2,"column":45}},"2":{"start":{"line":3,"column":14},"end":{"line":3,"column":45}},"3":{"start":{"line":4,"column":14},"end":{"line":4,"column":69}},"4":{"start":{"line":6,"column":4},"end":{"line":6,"column":51}},"5":{"start":{"line":6,"column":42},"end":{"line":6,"column":51}},"6":{"start":{"line":8,"column":18},"end":{"line":8,"column":28}},"7":{"start":{"line":9,"column":22},"end":{"line":9,"column":43}},"8":{"start":{"line":10,"column":14},"end":{"line":10,"column":59}},"9":{"start":{"line":11,"column":22},"end":{"line":11,"column":61}},"10":{"start":{"line":13,"column":4},"end":{"line":15,"column":5}},"11":{"start":{"line":14,"column":8},"end":{"line":14,"column":14}},"12":{"start":{"line":16,"column":4},"end":{"line":16,"column":15}},"13":{"start":{"line":19,"column":34},"end":{"line":30,"column":1}},"14":{"start":{"line":20,"column":23},"end":{"line":23,"column":5}},"15":{"start":{"line":24,"column":14},"end":{"line":24,"column":45}},"16":{"start":{"line":25,"column":14},"end":{"line":25,"column":45}},"17":{"start":{"line":26,"column":14},"end":{"line":26,"column":69}},"18":{"start":{"line":28,"column":4},"end":{"line":28,"column":52}},"19":{"start":{"line":28,"column":42},"end":{"line":28,"column":52}},"20":{"start":{"line":29,"column":4},"end":{"line":29,"column":63}}},"fnMap":{"0":{"name":"(anonymous_0)","decl":{"start":{"line":1,"column":28},"end":{"line":1,"column":29}},"loc":{"start":{"line":1,"column":40},"end":{"line":17,"column":1}},"line":1},"1":{"name":"(anonymous_1)","decl":{"start":{"line":19,"column":34},"end":{"line":19,"column":35}},"loc":{"start":{"line":19,"column":46},"end":{"line":30,"column":1}},"line":19}},"branchMap":{"0":{"loc":{"start":{"line":6,"column":4},"end":{"line":6,"column":51}},"type":"if","locations":[{"start":{"line":6,"column":4},"end":{"line":6,"column":51}},{"start":{},"end":{}}],"line":6},"1":{"loc":{"start":{"line":6,"column":8},"end":{"line":6,"column":40}},"type":"binary-expr","locations":[{"start":{"line":6,"column":8},"end":{"line":6,"column":16}},{"start":{"line":6,"column":20},"end":{"line":6,"column":28}},{"start":{"line":6,"column":32},"end":{"line":6,"column":40}}],"line":6},"2":{"loc":{"start":{"line":13,"column":4},"end":{"line":15,"column":5}},"type":"if","locations":[{"start":{"line":13,"column":4},"end":{"line":15,"column":5}},{"start":{},"end":{}}],"line":13},"3":{"loc":{"start":{"line":13,"column":8},"end":{"line":13,"column":83}},"type":"binary-expr","locations":[{"start":{"line":13,"column":8},"end":{"line":13,"column":21}},{"start":{"line":13,"column":26},"end":{"line":13,"column":41}},{"start":{"line":13,"column":45},"end":{"line":13,"column":82}}],"line":13},"4":{"loc":{"start":{"line":28,"column":4},"end":{"line":28,"column":52}},"type":"if","locations":[{"start":{"line":28,"column":4},"end":{"line":28,"column":52}},{"start":{},"end":{}}],"line":28},"5":{"loc":{"start":{"line":28,"column":8},"end":{"line":28,"column":40}},"type":"binary-expr","locations":[{"start":{"line":28,"column":8},"end":{"line":28,"column":16}},{"start":{"line":28,"column":20},"end":{"line":28,"column":28}},{"start":{"line":28,"column":32},"end":{"line":28,"column":40}}],"line":28},"6":{"loc":{"start":{"line":29,"column":19},"end":{"line":29,"column":49}},"type":"binary-expr","locations":[{"start":{"line":29,"column":19},"end":{"line":29,"column":36}},{"start":{"line":29,"column":40},"end":{"line":29,"column":49}}],"line":29}},"s":{"0":1,"1":3,"2":3,"3":3,"4":3,"5":0,"6":3,"7":3,"8":3,"9":3,"10":3,"11":1,"12":3,"13":1,"14":2,"15":2,"16":2,"17":2,"18":2,"19":1,"20":1},"f":{"0":3,"1":2},"b":{"0":[0,3],"1":[3,3,3],"2":[1,2],"3":[3,3,3],"4":[1,1],"5":[2,2,1],"6":[1,0]},"_coverageSchema":"1a1c01bbd47fc00a2c39e90264f33305004495a9","hash":"b00a9dc576798d94c7cf626dae84321c2cdfa00c"}
,"D:\\Align-2\\src\\utils\\submitProfile.js": {"path":"D:\\Align-2\\src\\utils\\submitProfile.js","statementMap":{"0":{"start":{"line":2,"column":19},"end":{"line":2,"column":87}},"1":{"start":{"line":4,"column":21},"end":{"line":8,"column":6}},"2":{"start":{"line":10,"column":4},"end":{"line":12,"column":5}},"3":{"start":{"line":11,"column":8},"end":{"line":11,"column":76}},"4":{"start":{"line":14,"column":4},"end":{"line":14,"column":27}}},"fnMap":{"0":{"name":"submitProfile","decl":{"start":{"line":1,"column":15},"end":{"line":1,"column":28}},"loc":{"start":{"line":1,"column":38},"end":{"line":15,"column":1}},"line":1}},"branchMap":{"0":{"loc":{"start":{"line":2,"column":19},"end":{"line":2,"column":87}},"type":"binary-expr","locations":[{"start":{"line":2,"column":19},"end":{"line":2,"column":50}},{"start":{"line":2,"column":54},"end":{"line":2,"column":87}}],"line":2},"1":{"loc":{"start":{"line":10,"column":4},"end":{"line":12,"column":5}},"type":"if","locations":[{"start":{"line":10,"column":4},"end":{"line":12,"column":5}},{"start":{},"end":{}}],"line":10}},"s":{"0":3,"1":3,"2":2,"3":1,"4":1},"f":{"0":3},"b":{"0":[3,3],"1":[1,1]},"_coverageSchema":"1a1c01bbd47fc00a2c39e90264f33305004495a9","hash":"ae6d1ea4469a5467b615f046dbd8d5929232f2cb"}
,"D:\\Align-2\\src\\utils\\validateProfile.js": {"path":"D:\\Align-2\\src\\utils\\validateProfile.js","statementMap":{"0":{"start":{"line":1,"column":24},"end":{"line":58,"column":1}},"1":{"start":{"line":2,"column":19},"end":{"line":2,"column":21}},"2":{"start":{"line":3,"column":24},"end":{"line":3,"column":37}},"3":{"start":{"line":5,"column":22},"end":{"line":5,"column":47}},"4":{"start":{"line":6,"column":21},"end":{"line":6,"column":45}},"5":{"start":{"line":8,"column":4},"end":{"line":12,"column":5}},"6":{"start":{"line":9,"column":8},"end":{"line":9,"column":71}},"7":{"start":{"line":10,"column":11},"end":{"line":12,"column":5}},"8":{"start":{"line":11,"column":8},"end":{"line":11,"column":69}},"9":{"start":{"line":14,"column":4},"end":{"line":20,"column":5}},"10":{"start":{"line":15,"column":8},"end":{"line":19,"column":9}},"11":{"start":{"line":16,"column":12},"end":{"line":16,"column":73}},"12":{"start":{"line":17,"column":15},"end":{"line":19,"column":9}},"13":{"start":{"line":18,"column":12},"end":{"line":18,"column":71}},"14":{"start":{"line":22,"column":4},"end":{"line":46,"column":5}},"15":{"start":{"line":23,"column":8},"end":{"line":23,"column":50}},"16":{"start":{"line":25,"column":37},"end":{"line":25,"column":53}},"17":{"start":{"line":26,"column":18},"end":{"line":26,"column":31}},"18":{"start":{"line":27,"column":18},"end":{"line":27,"column":33}},"19":{"start":{"line":28,"column":18},"end":{"line":28,"column":32}},"20":{"start":{"line":30,"column":26},"end":{"line":30,"column":47}},"21":{"start":{"line":33,"column":8},"end":{"line":45,"column":9}},"22":{"start":{"line":34,"column":12},"end":{"line":34,"column":46}},"23":{"start":{"line":36,"column":26},"end":{"line":36,"column":36}},"24":{"start":{"line":37,"column":22},"end":{"line":37,"column":67}},"25":{"start":{"line":38,"column":30},"end":{"line":38,"column":69}},"26":{"start":{"line":39,"column":12},"end":{"line":41,"column":13}},"27":{"start":{"line":40,"column":16},"end":{"line":40,"column":22}},"28":{"start":{"line":42,"column":12},"end":{"line":44,"column":13}},"29":{"start":{"line":43,"column":16},"end":{"line":43,"column":68}},"30":{"start":{"line":48,"column":4},"end":{"line":48,"column":63}},"31":{"start":{"line":48,"column":25},"end":{"line":48,"column":63}},"32":{"start":{"line":49,"column":4},"end":{"line":49,"column":81}},"33":{"start":{"line":49,"column":28},"end":{"line":49,"column":81}},"34":{"start":{"line":50,"column":4},"end":{"line":50,"column":91}},"35":{"start":{"line":50,"column":34},"end":{"line":50,"column":91}},"36":{"start":{"line":51,"column":4},"end":{"line":51,"column":88}},"37":{"start":{"line":51,"column":50},"end":{"line":51,"column":88}},"38":{"start":{"line":52,"column":4},"end":{"line":52,"column":104}},"39":{"start":{"line":52,"column":54},"end":{"line":52,"column":104}},"40":{"start":{"line":54,"column":4},"end":{"line":57,"column":6}}},"fnMap":{"0":{"name":"(anonymous_0)","decl":{"start":{"line":1,"column":24},"end":{"line":1,"column":25}},"loc":{"start":{"line":1,"column":37},"end":{"line":58,"column":1}},"line":1}},"branchMap":{"0":{"loc":{"start":{"line":8,"column":4},"end":{"line":12,"column":5}},"type":"if","locations":[{"start":{"line":8,"column":4},"end":{"line":12,"column":5}},{"start":{"line":10,"column":11},"end":{"line":12,"column":5}}],"line":8},"1":{"loc":{"start":{"line":8,"column":8},"end":{"line":8,"column":42}},"type":"binary-expr","locations":[{"start":{"line":8,"column":8},"end":{"line":8,"column":18}},{"start":{"line":8,"column":22},"end":{"line":8,"column":42}}],"line":8},"2":{"loc":{"start":{"line":10,"column":11},"end":{"line":12,"column":5}},"type":"if","locations":[{"start":{"line":10,"column":11},"end":{"line":12,"column":5}},{"start":{},"end":{}}],"line":10},"3":{"loc":{"start":{"line":14,"column":4},"end":{"line":20,"column":5}},"type":"if","locations":[{"start":{"line":14,"column":4},"end":{"line":20,"column":5}},{"start":{},"end":{}}],"line":14},"4":{"loc":{"start":{"line":14,"column":8},"end":{"line":14,"column":39}},"type":"binary-expr","locations":[{"start":{"line":14,"column":8},"end":{"line":14,"column":16}},{"start":{"line":14,"column":20},"end":{"line":14,"column":39}}],"line":14},"5":{"loc":{"start":{"line":15,"column":8},"end":{"line":19,"column":9}},"type":"if","locations":[{"start":{"line":15,"column":8},"end":{"line":19,"column":9}},{"start":{"line":17,"column":15},"end":{"line":19,"column":9}}],"line":15},"6":{"loc":{"start":{"line":17,"column":15},"end":{"line":19,"column":9}},"type":"if","locations":[{"start":{"line":17,"column":15},"end":{"line":19,"column":9}},{"start":{},"end":{}}],"line":17},"7":{"loc":{"start":{"line":22,"column":4},"end":{"line":46,"column":5}},"type":"if","locations":[{"start":{"line":22,"column":4},"end":{"line":46,"column":5}},{"start":{"line":24,"column":11},"end":{"line":46,"column":5}}],"line":22},"8":{"loc":{"start":{"line":33,"column":8},"end":{"line":45,"column":9}},"type":"if","locations":[{"start":{"line":33,"column":8},"end":{"line":45,"column":9}},{"start":{"line":35,"column":15},"end":{"line":45,"column":9}}],"line":33},"9":{"loc":{"start":{"line":33,"column":12},"end":{"line":33,"column":104}},"type":"binary-expr","locations":[{"start":{"line":33,"column":12},"end":{"line":33,"column":41}},{"start":{"line":33,"column":45},"end":{"line":33,"column":75}},{"start":{"line":33,"column":79},"end":{"line":33,"column":104}}],"line":33},"10":{"loc":{"start":{"line":39,"column":12},"end":{"line":41,"column":13}},"type":"if","locations":[{"start":{"line":39,"column":12},"end":{"line":41,"column":13}},{"start":{},"end":{}}],"line":39},"11":{"loc":{"start":{"line":39,"column":16},"end":{"line":39,"column":91}},"type":"binary-expr","locations":[{"start":{"line":39,"column":16},"end":{"line":39,"column":29}},{"start":{"line":39,"column":34},"end":{"line":39,"column":49}},{"start":{"line":39,"column":53},"end":{"line":39,"column":90}}],"line":39},"12":{"loc":{"start":{"line":42,"column":12},"end":{"line":44,"column":13}},"type":"if","locations":[{"start":{"line":42,"column":12},"end":{"line":44,"column":13}},{"start":{},"end":{}}],"line":42},"13":{"loc":{"start":{"line":42,"column":16},"end":{"line":42,"column":37}},"type":"binary-expr","locations":[{"start":{"line":42,"column":16},"end":{"line":42,"column":24}},{"start":{"line":42,"column":28},"end":{"line":42,"column":37}}],"line":42},"14":{"loc":{"start":{"line":48,"column":4},"end":{"line":48,"column":63}},"type":"if","locations":[{"start":{"line":48,"column":4},"end":{"line":48,"column":63}},{"start":{},"end":{}}],"line":48},"15":{"loc":{"start":{"line":49,"column":4},"end":{"line":49,"column":81}},"type":"if","locations":[{"start":{"line":49,"column":4},"end":{"line":49,"column":81}},{"start":{},"end":{}}],"line":49},"16":{"loc":{"start":{"line":50,"column":4},"end":{"line":50,"column":91}},"type":"if","locations":[{"start":{"line":50,"column":4},"end":{"line":50,"column":91}},{"start":{},"end":{}}],"line":50},"17":{"loc":{"start":{"line":51,"column":4},"end":{"line":51,"column":88}},"type":"if","locations":[{"start":{"line":51,"column":4},"end":{"line":51,"column":88}},{"start":{},"end":{}}],"line":51},"18":{"loc":{"start":{"line":51,"column":8},"end":{"line":51,"column":48}},"type":"binary-expr","locations":[{"start":{"line":51,"column":8},"end":{"line":51,"column":23}},{"start":{"line":51,"column":27},"end":{"line":51,"column":48}}],"line":51},"19":{"loc":{"start":{"line":52,"column":4},"end":{"line":52,"column":104}},"type":"if","locations":[{"start":{"line":52,"column":4},"end":{"line":52,"column":104}},{"start":{},"end":{}}],"line":52},"20":{"loc":{"start":{"line":52,"column":8},"end":{"line":52,"column":52}},"type":"binary-expr","locations":[{"start":{"line":52,"column":8},"end":{"line":52,"column":23}},{"start":{"line":52,"column":27},"end":{"line":52,"column":52}}],"line":52}},"s":{"0":1,"1":15,"2":15,"3":15,"4":15,"5":15,"6":1,"7":14,"8":1,"9":15,"10":14,"11":0,"12":14,"13":1,"14":15,"15":1,"16":14,"17":14,"18":14,"19":14,"20":14,"21":14,"22":1,"23":13,"24":13,"25":13,"26":13,"27":0,"28":13,"29":2,"30":15,"31":1,"32":15,"33":0,"34":15,"35":0,"36":15,"37":0,"38":15,"39":1,"40":15},"f":{"0":15},"b":{"0":[1,14],"1":[15,15],"2":[1,13],"3":[14,1],"4":[15,14],"5":[0,14],"6":[1,13],"7":[1,14],"8":[1,13],"9":[14,14,13],"10":[0,13],"11":[13,13,2],"12":[2,11],"13":[13,12],"14":[1,14],"15":[0,15],"16":[0,15],"17":[0,15],"18":[15,15],"19":[1,14],"20":[15,15]},"_coverageSchema":"1a1c01bbd47fc00a2c39e90264f33305004495a9","hash":"99b6b4afed05ad1f1b0943539039aeab36155681"}
}
