TN:
SF:src\components\FAB.js
FN:7,(anonymous_0)
FN:11,(anonymous_1)
FN:18,(anonymous_2)
FN:31,(anonymous_3)
FNF:4
FNH:4
FNDA:6,(anonymous_0)
FNDA:2,(anonymous_1)
FNDA:1,(anonymous_2)
FNDA:6,(anonymous_3)
DA:7,1
DA:8,6
DA:9,6
DA:11,6
DA:12,2
DA:13,1
DA:14,1
DA:18,1
DA:21,6
DA:31,6
DA:47,1
DA:83,1
LF:12
LH:12
BRDA:12,0,0,1
BRDA:12,0,1,1
BRDA:23,1,0,6
BRDA:23,1,1,1
BRDA:25,2,0,1
BRDA:25,2,1,0
BRDA:30,3,0,4
BRDA:30,3,1,2
BRDA:33,4,0,6
BRDA:33,4,1,4
BRDA:34,5,0,6
BRDA:34,5,1,0
BRDA:34,5,2,0
BRDA:38,6,0,4
BRDA:38,6,1,2
BRDA:41,7,0,4
BRDA:41,7,1,2
BRF:17
BRH:14
end_of_record
TN:
SF:src\components\StepIndicator.js
FN:9,(anonymous_0)
FN:14,(anonymous_1)
FN:47,(anonymous_2)
FN:51,(anonymous_3)
FN:69,(anonymous_4)
FNF:5
FNH:5
FNDA:72,(anonymous_0)
FNDA:72,(anonymous_1)
FNDA:4,(anonymous_2)
FNDA:4,(anonymous_3)
FNDA:72,(anonymous_4)
DA:9,1
DA:10,72
DA:11,72
DA:12,72
DA:14,72
DA:15,72
DA:16,4
DA:22,68
DA:29,72
DA:32,72
DA:47,1
DA:48,4
DA:49,4
DA:51,4
DA:52,4
DA:53,3
DA:54,1
DA:57,4
DA:58,4
DA:60,4
DA:70,72
DA:85,1
DA:109,1
LF:23
LH:23
BRDA:10,0,0,4
BRDA:10,0,1,68
BRDA:11,1,0,4
BRDA:11,1,1,68
BRDA:12,2,0,4
BRDA:12,2,1,68
BRDA:15,3,0,4
BRDA:15,3,1,68
BRDA:29,4,0,16
BRDA:29,4,1,56
BRDA:30,5,0,36
BRDA:30,5,1,20
BRDA:37,6,0,72
BRDA:37,6,1,4
BRDA:41,7,0,36
BRDA:41,7,1,36
BRDA:42,8,0,72
BRDA:42,8,1,4
BRDA:52,9,0,1
BRDA:52,9,1,3
BRDA:53,10,0,2
BRDA:53,10,1,1
BRF:22
BRH:22
end_of_record
TN:
SF:src\components\VisibilityToggle.js
FN:7,(anonymous_0)
FNF:1
FNH:1
FNDA:4,(anonymous_0)
DA:7,1
DA:8,4
DA:9,4
DA:10,4
DA:12,4
DA:31,1
DA:51,1
LF:7
LH:7
BRDA:7,0,0,4
BRDA:8,1,0,2
BRDA:8,1,1,2
BRDA:8,2,0,2
BRDA:8,2,1,2
BRDA:9,3,0,2
BRDA:9,3,1,2
BRDA:10,4,0,2
BRDA:10,4,1,2
BRDA:23,5,0,4
BRDA:23,5,1,2
BRF:11
BRH:11
end_of_record
TN:
SF:src\utils\dateHelpers.js
FN:1,(anonymous_0)
FN:19,(anonymous_1)
FNF:2
FNH:2
FNDA:3,(anonymous_0)
FNDA:2,(anonymous_1)
DA:1,1
DA:2,3
DA:3,3
DA:4,3
DA:6,3
DA:8,3
DA:9,3
DA:10,3
DA:11,3
DA:13,3
DA:14,1
DA:16,3
DA:19,1
DA:20,2
DA:24,2
DA:25,2
DA:26,2
DA:28,2
DA:29,1
LF:19
LH:19
BRDA:6,0,0,0
BRDA:6,0,1,3
BRDA:6,1,0,3
BRDA:6,1,1,3
BRDA:6,1,2,3
BRDA:13,2,0,1
BRDA:13,2,1,2
BRDA:13,3,0,3
BRDA:13,3,1,3
BRDA:13,3,2,3
BRDA:28,4,0,1
BRDA:28,4,1,1
BRDA:28,5,0,2
BRDA:28,5,1,2
BRDA:28,5,2,1
BRDA:29,6,0,1
BRDA:29,6,1,0
BRF:17
BRH:15
end_of_record
TN:
SF:src\utils\submitProfile.js
FN:1,submitProfile
FNF:1
FNH:1
FNDA:3,submitProfile
DA:2,3
DA:4,3
DA:10,2
DA:11,1
DA:14,1
LF:5
LH:5
BRDA:2,0,0,3
BRDA:2,0,1,3
BRDA:10,1,0,1
BRDA:10,1,1,1
BRF:4
BRH:4
end_of_record
TN:
SF:src\utils\validateProfile.js
FN:1,(anonymous_0)
FNF:1
FNH:1
FNDA:15,(anonymous_0)
DA:1,1
DA:2,15
DA:3,15
DA:5,15
DA:6,15
DA:8,15
DA:9,1
DA:10,14
DA:11,1
DA:14,15
DA:15,14
DA:16,0
DA:17,14
DA:18,1
DA:22,15
DA:23,1
DA:25,14
DA:26,14
DA:27,14
DA:28,14
DA:30,14
DA:33,14
DA:34,1
DA:36,13
DA:37,13
DA:38,13
DA:39,13
DA:40,0
DA:42,13
DA:43,2
DA:48,15
DA:49,15
DA:50,15
DA:51,15
DA:52,15
DA:54,15
LF:36
LH:34
BRDA:8,0,0,1
BRDA:8,0,1,14
BRDA:8,1,0,15
BRDA:8,1,1,15
BRDA:10,2,0,1
BRDA:10,2,1,13
BRDA:14,3,0,14
BRDA:14,3,1,1
BRDA:14,4,0,15
BRDA:14,4,1,14
BRDA:15,5,0,0
BRDA:15,5,1,14
BRDA:17,6,0,1
BRDA:17,6,1,13
BRDA:22,7,0,1
BRDA:22,7,1,14
BRDA:33,8,0,1
BRDA:33,8,1,13
BRDA:33,9,0,14
BRDA:33,9,1,14
BRDA:33,9,2,13
BRDA:39,10,0,0
BRDA:39,10,1,13
BRDA:39,11,0,13
BRDA:39,11,1,13
BRDA:39,11,2,2
BRDA:42,12,0,2
BRDA:42,12,1,11
BRDA:42,13,0,13
BRDA:42,13,1,12
BRDA:48,14,0,1
BRDA:48,14,1,14
BRDA:49,15,0,0
BRDA:49,15,1,15
BRDA:50,16,0,0
BRDA:50,16,1,15
BRDA:51,17,0,0
BRDA:51,17,1,15
BRDA:51,18,0,15
BRDA:51,18,1,15
BRDA:52,19,0,1
BRDA:52,19,1,14
BRDA:52,20,0,15
BRDA:52,20,1,15
BRF:44
BRH:39
end_of_record
